<?xml version="1.0" encoding="UTF-8"?>
<testsuite xmlns:xsi="http://www.w3.org/2001/XMLSchema-instance" xsi:noNamespaceSchemaLocation="https://maven.apache.org/surefire/maven-surefire-plugin/xsd/surefire-test-report.xsd" version="3.0.2" name="com.coachfit.auth.application.service.AuthServiceTest" time="0.078" tests="10" errors="0" skipped="0" failures="0">
  <properties>
[...]
</properties>
  <testcase name="logout_nullToken_silentlyIgnored" classname="com.coachfit.auth.application.service.AuthServiceTest" time="0.06"/>
  <testcase name="logout_revokesRefreshToken" classname="com.coachfit.auth.application.service.AuthServiceTest" time="0.002"/>
  <testcase name="register_success_returnsJwtAndRefreshToken" classname="com.coachfit.auth.application.service.AuthServiceTest" time="0.007"/>
  <testcase name="refresh_tokenNotFound_throwsTokenExpiredException" classname="com.coachfit.auth.application.service.AuthServiceTest" time="0.001"/>
  <testcase name="login_success_returnsJwtAndRefreshToken" classname="com.coachfit.auth.application.service.AuthServiceTest" time="0.001"/>
  <testcase name="login_wrongPassword_throwsInvalidCredentials" classname="com.coachfit.auth.application.service.AuthServiceTest" time="0.001"/>
  <testcase name="login_userNotFound_throwsInvalidCredentials" classname="com.coachfit.auth.application.service.AuthServiceTest" time="0.001"/>
  <testcase name="refresh_expiredToken_throwsTokenExpiredException" classname="com.coachfit.auth.application.service.AuthServiceTest" time="0.001"/>
  <testcase name="refresh_validToken_returnsNewJwtAndRotatesRefreshToken" classname="com.coachfit.auth.application.service.AuthServiceTest" time="0.001"/>
  <testcase name="register_emailAlreadyExists_throwsEmailAlreadyExistsException" classname="com.coachfit.auth.application.service.AuthServiceTest" time="0.001"/>
</testsuite>