<?xml version="1.0" encoding="UTF-8"?>
<testsuite xmlns:xsi="http://www.w3.org/2001/XMLSchema-instance" xsi:noNamespaceSchemaLocation="https://maven.apache.org/surefire/maven-surefire-plugin/xsd/surefire-test-report.xsd" version="3.0.2" name="com.coachfit.auth.adapter.in.AuthControllerTest" time="1.162" tests="8" errors="0" skipped="0" failures="0">
  <properties>
[...]
</properties>
  <testcase name="register_returns201WithTokenAndCookie" classname="com.coachfit.auth.adapter.in.AuthControllerTest" time="0.102">
    <system-out><![CDATA[23:29:28.533 [main] INFO org.springframework.test.context.support.AnnotationConfigContextLoaderUtils -- Could not detect default configuration classes for test class [com.coachfit.auth.adapter.in.AuthControllerTest]: AuthControllerTest does not declare any static, non-private, non-final, nested classes annotated with @Configuration.
23:29:28.599 [main] INFO org.springframework.boot.test.context.SpringBootTestContextBootstrapper -- Found @SpringBootConfiguration com.coachfit.CoachFitApplication for test class com.coachfit.auth.adapter.in.AuthControllerTest
23:29:28.628 [main] INFO org.springframework.boot.devtools.restart.RestartApplicationListener -- Restart disabled due to context in which it is running

  .   ____          _            __ _ _
 /\\ / ___'_ __ _ _(_)_ __  __ _ \ \ \ \
( ( )\___ | '_ | '_| | '_ \/ _` | \ \ \ \
 \\/  ___)| |_)| | | | | || (_| |  ) ) ) )
  '  |____| .__|_| |_|_| |_\__, | / / / /
 =========|_|==============|___/=/_/_/_/

 :: Spring Boot ::                (v3.4.6)

2026-05-29T23:29:28.743+07:00  INFO 35968 --- [coachfit-backend] [           main] c.c.auth.adapter.in.AuthControllerTest   : Starting AuthControllerTest using Java 25.0.2 with PID 35968 (started by williamnguyen in /Users/williamnguyen/coachfit/backend)
2026-05-29T23:29:28.744+07:00  INFO 35968 --- [coachfit-backend] [           main] c.c.auth.adapter.in.AuthControllerTest   : No active profile set, falling back to 1 default profile: "default"
2026-05-29T23:29:29.502+07:00  INFO 35968 --- [coachfit-backend] [           main] o.s.b.t.m.w.SpringBootMockServletContext : Initializing Spring TestDispatcherServlet ''
2026-05-29T23:29:29.502+07:00  INFO 35968 --- [coachfit-backend] [           main] o.s.t.web.servlet.TestDispatcherServlet  : Initializing Servlet ''
2026-05-29T23:29:29.503+07:00  INFO 35968 --- [coachfit-backend] [           main] o.s.t.web.servlet.TestDispatcherServlet  : Completed initialization in 0 ms
2026-05-29T23:29:29.512+07:00  INFO 35968 --- [coachfit-backend] [           main] c.c.auth.adapter.in.AuthControllerTest   : Started AuthControllerTest in 0.886 seconds (process running for 1.228)
]]></system-out>
    <system-err><![CDATA[Mockito is currently self-attaching to enable the inline-mock-maker. This will no longer work in future releases of the JDK. Please add Mockito as an agent to your build what is described in Mockito's documentation: https://javadoc.io/doc/org.mockito/mockito-core/latest/org/mockito/Mockito.html#0.3
WARNING: A Java agent has been loaded dynamically (/Users/williamnguyen/.m2/repository/net/bytebuddy/byte-buddy-agent/1.15.11/byte-buddy-agent-1.15.11.jar)
WARNING: If a serviceability tool is in use, please run with -XX:+EnableDynamicAgentLoading to hide this warning
WARNING: If a serviceability tool is not in use, please run with -Djdk.instrument.traceUsage for more information
WARNING: Dynamic loading of agents will be disallowed by default in a future release
]]></system-err>
  </testcase>
  <testcase name="logout_returns204AndClearsCookie" classname="com.coachfit.auth.adapter.in.AuthControllerTest" time="0.006"/>
  <testcase name="login_returns401WhenWrongCredentials" classname="com.coachfit.auth.adapter.in.AuthControllerTest" time="0.007"/>
  <testcase name="login_returns200WithTokenAndCookie" classname="com.coachfit.auth.adapter.in.AuthControllerTest" time="0.003"/>
  <testcase name="refresh_returns200WithNewTokenAndRotatedCookie" classname="com.coachfit.auth.adapter.in.AuthControllerTest" time="0.002"/>
  <testcase name="refresh_returns401WhenTokenExpired" classname="com.coachfit.auth.adapter.in.AuthControllerTest" time="0.002"/>
  <testcase name="register_returns400WhenPasswordTooShort" classname="com.coachfit.auth.adapter.in.AuthControllerTest" time="0.004"/>
  <testcase name="register_returns409WhenEmailExists" classname="com.coachfit.auth.adapter.in.AuthControllerTest" time="0.002"/>
</testsuite>