<?xml version="1.0" encoding="UTF-8"?>
<testsuite xmlns:xsi="http://www.w3.org/2001/XMLSchema-instance" xsi:noNamespaceSchemaLocation="https://maven.apache.org/surefire/maven-surefire-plugin/xsd/surefire-test-report.xsd" version="3.0.2" name="com.coachfit.ApplicationModulesTest" time="1.893" tests="1" errors="0" skipped="0" failures="0">
  <properties>
[...]
</properties>
  <testcase name="verifiesModuleBoundaries" classname="com.coachfit.ApplicationModulesTest" time="1.873">
    <system-out><![CDATA[16:43:45.590 [main] INFO com.tngtech.archunit.core.PluginLoader -- Detected Java version 21.0.10
]]></system-out>
  </testcase>
</testsuite>